<?xml version="1.0" encoding="UTF-8"?>
<!-- Generated by org.testng.reporters.JUnitReportReporter -->
<testsuite skipped="0" hostname="Praveen-Products" name="com.forsys.duma.Test_Data" tests="1" failures="0" timestamp="09 Apr 2020 10:28:08 GMT" time="4.614" errors="0">
  <testcase name="insertInExcelSheet" time="4.614" classname="com.forsys.duma.Test_Data"/>
</testsuite> <!-- com.forsys.duma.Test_Data -->
